This file contains any messages produced by compilers while
running configure, to aid debugging if configure makes a mistake.

It was created by zookeeper C client configure 3.4.2, which was
generated by GNU Autoconf 2.69.  Invocation command line was

  $ ./configure --without-cppunit

## --------- ##
## Platform. ##
## --------- ##

hostname = DESKTOP-DAF8ST0
uname -m = x86_64
uname -r = 5.15.133.1-microsoft-standard-WSL2
uname -s = Linux
uname -v = #1 SMP Thu Oct 5 21:02:42 UTC 2023

/usr/bin/uname -p = x86_64
/bin/uname -X     = unknown

/bin/arch              = x86_64
/usr/bin/arch -k       = unknown
/usr/convex/getsysinfo = unknown
/usr/bin/hostinfo      = unknown
/bin/machine           = unknown
/usr/bin/oslevel       = unknown
/bin/universe          = unknown

PATH: /opt/jdk1.8.0_202/bin
PATH: /opt/jdk1.8.0_202/bin
PATH: /home/wdidada/.local/bin
PATH: /opt/jdk1.8.0_202/bin
PATH: /usr/local/sbin
PATH: /usr/local/bin
PATH: /usr/sbin
PATH: /usr/bin
PATH: /sbin
PATH: /bin
PATH: /usr/games
PATH: /usr/local/games
PATH: /usr/lib/wsl/lib
PATH: /mnt/c/Program Files/WindowsApps/CanonicalGroupLimited.Ubuntu20.04LTS_2004.6.16.0_x64__79rhkp1fndgsc
PATH: /mnt/d/dev_tools/Conan/conan
PATH: /mnt/c/Windows/system32
PATH: /mnt/c/Windows
PATH: /mnt/c/Windows/System32/Wbem
PATH: /mnt/c/Windows/System32/WindowsPowerShell/v1.0/
PATH: /mnt/c/Windows/System32/OpenSSH/
PATH: /mnt/d/apache-maven-3.6.1/bin
PATH: /mnt/d/Java/jdk-14.0.1/bin
PATH: /mnt/c/Program Files (x86)/NetSarang/Xshell 7/
PATH: /mnt/c/Program Files/Docker/Docker/resources/bin
PATH: /mnt/d/Program/ripgrep-12.1.0-x86_64-pc-windows-gnu
PATH: /mnt/c/Program Files/Intel/WiFi/bin/
PATH: /mnt/c/Program Files/Common Files/Intel/WirelessCommon/
PATH: /mnt/d/dev_tools/gradle-6.5/bin
PATH: /mnt/c/Program Files/Microsoft SQL Server/150/Tools/Binn/
PATH: /mnt/c/Python312/
PATH: /mnt/c/Python312/Scripts/
PATH: /mnt/c/Program Files/dotnet/
PATH: /mnt/c/Program Files (x86)/Windows Kits/10/Windows Performance Toolkit/
PATH: /mnt/d/git/github/vcpkg
PATH: /mnt/d/Program Files/CMake/bin
PATH: /mnt/c/Program Files/TortoiseGit/bin
PATH: /mnt/c/Program Files/GitHub CLI/
PATH: /mnt/d/dev_tools/bazelisk
PATH: /mnt/d/dev_tools/bazel
PATH: /mnt/c/Program Files/7-Zip
PATH: /mnt/c/Program Files/nodejs/
PATH: /mnt/c/ProgramData/chocolatey/bin
PATH: /mnt/c/Users/edida/AppData/Roaming/npm
PATH: /mnt/c/Users/edida/AppData/Local/Programs/CLion/bin/ninja/win/x64
PATH: /mnt/c/Program Files/Microsoft Visual Studio/2022/Enterprise/VC/Tools/MSVC/14.38.33130/bin/Hostx64/x64
PATH: /mnt/d/dev_tools/mingw/bin
PATH: /mnt/c/Strawberry/c/bin
PATH: /mnt/c/Strawberry/perl/site/bin
PATH: /mnt/c/Strawberry/perl/bin
PATH: /mnt/d/dev_tools/privoxy_3.0.34
PATH: /mnt/c/Program Files/OpenSSH-Win64
PATH: /mnt/c/Program Files/Meld/
PATH: /mnt/c/Program Files/Graphviz/bin
PATH: /mnt/c/Users/edida/AppData/Roaming/Python/Python312/Scripts
PATH: /mnt/e/apache-ant-1.10.5/bin
PATH: /mnt/c/Program Files (x86)/WinMerge
PATH: /mnt/c/Program Files/Git/cmd
PATH: /mnt/c/Users/edida/.cargo/bin
PATH: /mnt/c/Program Files/Conan/conan
PATH: /mnt/c/Users/edida/AppData/Local/Microsoft/WindowsApps
PATH: /mnt/c/Users/edida/AppData/Local/Programs/Microsoft VS Code/bin
PATH: /mnt/c/Users/edida/.dotnet/tools
PATH: /mnt/c/Users/edida/AppData/Local/JetBrains/Toolbox/scripts
PATH: /mnt/c/Users/edida/xmake
PATH: /mnt/c/Program Files/CMake/bin
PATH: /mnt/c/Users/edida/AppData/Local/gitkraken/bin
PATH: /snap/bin


## ----------- ##
## Core tests. ##
## ----------- ##

configure:2615: checking for doxygen
configure:2633: found /usr/bin/doxygen
configure:2645: result: /usr/bin/doxygen
configure:2721: checking for perl
configure:2739: found /usr/bin/perl
configure:2751: result: /usr/bin/perl
configure:2893: checking for dot
configure:2926: result: no
configure:4480: checking for a BSD-compatible install
configure:4548: result: /usr/bin/install -c
configure:4559: checking whether build environment is sane
configure:4614: result: yes
configure:4763: checking for a thread-safe mkdir -p
configure:4802: result: /usr/bin/mkdir -p
configure:4809: checking for gawk
configure:4825: found /usr/bin/gawk
configure:4836: result: gawk
configure:4847: checking whether make sets $(MAKE)
configure:4869: result: yes
configure:4898: checking whether make supports nested variables
configure:4915: result: yes
configure:5858: checking for generated/zookeeper.jute.c
configure:5871: result: yes
configure:5883: checking for generated/zookeeper.jute.h
configure:5896: result: yes
configure:5960: checking for gcc
configure:5976: found /usr/bin/gcc
configure:5987: result: gcc
configure:6216: checking for C compiler version
configure:6225: gcc --version >&5
gcc (Ubuntu 9.4.0-1ubuntu1~20.04.2) 9.4.0
Copyright (C) 2019 Free Software Foundation, Inc.
This is free software; see the source for copying conditions.  There is NO
warranty; not even for MERCHANTABILITY or FITNESS FOR A PARTICULAR PURPOSE.

configure:6236: $? = 0
configure:6225: gcc -v >&5
Using built-in specs.
COLLECT_GCC=gcc
COLLECT_LTO_WRAPPER=/usr/lib/gcc/x86_64-linux-gnu/9/lto-wrapper
OFFLOAD_TARGET_NAMES=nvptx-none:hsa
OFFLOAD_TARGET_DEFAULT=1
Target: x86_64-linux-gnu
Configured with: ../src/configure -v --with-pkgversion='Ubuntu 9.4.0-1ubuntu1~20.04.2' --with-bugurl=file:///usr/share/doc/gcc-9/README.Bugs --enable-languages=c,ada,c++,go,brig,d,fortran,objc,obj-c++,gm2 --prefix=/usr --with-gcc-major-version-only --program-suffix=-9 --program-prefix=x86_64-linux-gnu- --enable-shared --enable-linker-build-id --libexecdir=/usr/lib --without-included-gettext --enable-threads=posix --libdir=/usr/lib --enable-nls --enable-clocale=gnu --enable-libstdcxx-debug --enable-libstdcxx-time=yes --with-default-libstdcxx-abi=new --enable-gnu-unique-object --disable-vtable-verify --enable-plugin --enable-default-pie --with-system-zlib --with-target-system-zlib=auto --enable-objc-gc=auto --enable-multiarch --disable-werror --with-arch-32=i686 --with-abi=m64 --with-multilib-list=m32,m64,mx32 --enable-multilib --with-tune=generic --enable-offload-targets=nvptx-none=/build/gcc-9-9QDOt0/gcc-9-9.4.0/debian/tmp-nvptx/usr,hsa --without-cuda-driver --enable-checking=release --build=x86_64-linux-gnu --host=x86_64-linux-gnu --target=x86_64-linux-gnu
Thread model: posix
gcc version 9.4.0 (Ubuntu 9.4.0-1ubuntu1~20.04.2) 
configure:6236: $? = 0
configure:6225: gcc -V >&5
gcc: error: unrecognized command line option '-V'
gcc: fatal error: no input files
compilation terminated.
configure:6236: $? = 1
configure:6225: gcc -qversion >&5
gcc: error: unrecognized command line option '-qversion'; did you mean '--version'?
gcc: fatal error: no input files
compilation terminated.
configure:6236: $? = 1
configure:6240: checking whether we are using the GNU C compiler
configure:6259: gcc -c   conftest.c >&5
configure:6259: $? = 0
configure: failed program was:
| /* confdefs.h */
| #define PACKAGE_NAME "zookeeper C client"
| #define PACKAGE_TARNAME "zookeeper"
| #define PACKAGE_VERSION "3.4.2"
| #define PACKAGE_STRING "zookeeper C client 3.4.2"
| #define PACKAGE_BUGREPORT "zookeeper-user@hadoop.apache.org"
| #define PACKAGE_URL ""
| #define PACKAGE "zookeeper"
| #define VERSION "3.4.2"
| #define HAVE_GENERATED_ZOOKEEPER_JUTE_C 1
| #define HAVE_GENERATED_ZOOKEEPER_JUTE_H 1
| /* end confdefs.h.  */
| 
| int
| main ()
| {
| #ifndef __GNUC__
|        choke me
| #endif
| 
|   ;
|   return 0;
| }
configure:6268: result: no
configure:6277: checking whether gcc accepts -g
configure:6297: gcc -c -g  conftest.c >&5
configure:6297: $? = 0
configure: failed program was:
| /* confdefs.h */
| #define PACKAGE_NAME "zookeeper C client"
| #define PACKAGE_TARNAME "zookeeper"
| #define PACKAGE_VERSION "3.4.2"
| #define PACKAGE_STRING "zookeeper C client 3.4.2"
| #define PACKAGE_BUGREPORT "zookeeper-user@hadoop.apache.org"
| #define PACKAGE_URL ""
| #define PACKAGE "zookeeper"
| #define VERSION "3.4.2"
| #define HAVE_GENERATED_ZOOKEEPER_JUTE_C 1
| #define HAVE_GENERATED_ZOOKEEPER_JUTE_H 1
| /* end confdefs.h.  */
| 
| int
| main ()
| {
| 
|   ;
|   return 0;
| }
configure:6312: gcc -c   conftest.c >&5
configure:6312: $? = 0
configure: failed program was:
| /* confdefs.h */
| #define PACKAGE_NAME "zookeeper C client"
| #define PACKAGE_TARNAME "zookeeper"
| #define PACKAGE_VERSION "3.4.2"
| #define PACKAGE_STRING "zookeeper C client 3.4.2"
| #define PACKAGE_BUGREPORT "zookeeper-user@hadoop.apache.org"
| #define PACKAGE_URL ""
| #define PACKAGE "zookeeper"
| #define VERSION "3.4.2"
| #define HAVE_GENERATED_ZOOKEEPER_JUTE_C 1
| #define HAVE_GENERATED_ZOOKEEPER_JUTE_H 1
| /* end confdefs.h.  */
| 
| int
| main ()
| {
| 
|   ;
|   return 0;
| }
configure:6328: gcc -c -g  conftest.c >&5
configure:6328: $? = 0
configure: failed program was:
| /* confdefs.h */
| #define PACKAGE_NAME "zookeeper C client"
| #define PACKAGE_TARNAME "zookeeper"
| #define PACKAGE_VERSION "3.4.2"
| #define PACKAGE_STRING "zookeeper C client 3.4.2"
| #define PACKAGE_BUGREPORT "zookeeper-user@hadoop.apache.org"
| #define PACKAGE_URL ""
| #define PACKAGE "zookeeper"
| #define VERSION "3.4.2"
| #define HAVE_GENERATED_ZOOKEEPER_JUTE_C 1
| #define HAVE_GENERATED_ZOOKEEPER_JUTE_H 1
| /* end confdefs.h.  */
| 
| int
| main ()
| {
| 
|   ;
|   return 0;
| }
configure:6338: result: no
configure:6355: checking for gcc option to accept ISO C89
configure:6418: gcc  -c   conftest.c >&5
configure:6418: $? = 0
configure: failed program was:
| /* confdefs.h */
| #define PACKAGE_NAME "zookeeper C client"
| #define PACKAGE_TARNAME "zookeeper"
| #define PACKAGE_VERSION "3.4.2"
| #define PACKAGE_STRING "zookeeper C client 3.4.2"
| #define PACKAGE_BUGREPORT "zookeeper-user@hadoop.apache.org"
| #define PACKAGE_URL ""
| #define PACKAGE "zookeeper"
| #define VERSION "3.4.2"
| #define HAVE_GENERATED_ZOOKEEPER_JUTE_C 1
| #define HAVE_GENERATED_ZOOKEEPER_JUTE_H 1
| /* end confdefs.h.  */
| #include <stdarg.h>
| #include <stdio.h>
| struct stat;
| /* Most of the following tests are stolen from RCS 5.7's src/conf.sh.  */
| struct buf { int x; };
| FILE * (*rcsopen) (struct buf *, struct stat *, int);
| static char *e (p, i)
|      char **p;
|      int i;
| {
|   return p[i];
| }
| static char *f (char * (*g) (char **, int), char **p, ...)
| {
|   char *s;
|   va_list v;
|   va_start (v,p);
|   s = g (p, va_arg (v,int));
|   va_end (v);
|   return s;
| }
| 
| /* OSF 4.0 Compaq cc is some sort of almost-ANSI by default.  It has
|    function prototypes and stuff, but not '\xHH' hex character constants.
|    These don't provoke an error unfortunately, instead are silently treated
|    as 'x'.  The following induces an error, until -std is added to get
|    proper ANSI mode.  Curiously '\x00'!='x' always comes out true, for an
|    array size at least.  It's necessary to write '\x00'==0 to get something
|    that's true only with -std.  */
| int osf4_cc_array ['\x00' == 0 ? 1 : -1];
| 
| /* IBM C 6 for AIX is almost-ANSI by default, but it replaces macro parameters
|    inside strings and character constants.  */
| #define FOO(x) 'x'
| int xlc6_cc_array[FOO(a) == 'x' ? 1 : -1];
| 
| int test (int i, double x);
| struct s1 {int (*f) (int a);};
| struct s2 {int (*f) (double a);};
| int pairnames (int, char **, FILE *(*)(struct buf *, struct stat *, int), int, int);
| int argc;
| char **argv;
| int
| main ()
| {
| return f (e, argv, 0) != argv[0]  ||  f (e, argv, 1) != argv[1];
|   ;
|   return 0;
| }
configure:6418: gcc -qlanglvl=extc89 -c   conftest.c >&5
gcc: error: unrecognized command line option '-qlanglvl=extc89'
configure:6418: $? = 1
configure: failed program was:
| /* confdefs.h */
| #define PACKAGE_NAME "zookeeper C client"
| #define PACKAGE_TARNAME "zookeeper"
| #define PACKAGE_VERSION "3.4.2"
| #define PACKAGE_STRING "zookeeper C client 3.4.2"
| #define PACKAGE_BUGREPORT "zookeeper-user@hadoop.apache.org"
| #define PACKAGE_URL ""
| #define PACKAGE "zookeeper"
| #define VERSION "3.4.2"
| #define HAVE_GENERATED_ZOOKEEPER_JUTE_C 1
| #define HAVE_GENERATED_ZOOKEEPER_JUTE_H 1
| /* end confdefs.h.  */
| #include <stdarg.h>
| #include <stdio.h>
| struct stat;
| /* Most of the following tests are stolen from RCS 5.7's src/conf.sh.  */
| struct buf { int x; };
| FILE * (*rcsopen) (struct buf *, struct stat *, int);
| static char *e (p, i)
|      char **p;
|      int i;
| {
|   return p[i];
| }
| static char *f (char * (*g) (char **, int), char **p, ...)
| {
|   char *s;
|   va_list v;
|   va_start (v,p);
|   s = g (p, va_arg (v,int));
|   va_end (v);
|   return s;
| }
| 
| /* OSF 4.0 Compaq cc is some sort of almost-ANSI by default.  It has
|    function prototypes and stuff, but not '\xHH' hex character constants.
|    These don't provoke an error unfortunately, instead are silently treated
|    as 'x'.  The following induces an error, until -std is added to get
|    proper ANSI mode.  Curiously '\x00'!='x' always comes out true, for an
|    array size at least.  It's necessary to write '\x00'==0 to get something
|    that's true only with -std.  */
| int osf4_cc_array ['\x00' == 0 ? 1 : -1];
| 
| /* IBM C 6 for AIX is almost-ANSI by default, but it replaces macro parameters
|    inside strings and character constants.  */
| #define FOO(x) 'x'
| int xlc6_cc_array[FOO(a) == 'x' ? 1 : -1];
| 
| int test (int i, double x);
| struct s1 {int (*f) (int a);};
| struct s2 {int (*f) (double a);};
| int pairnames (int, char **, FILE *(*)(struct buf *, struct stat *, int), int, int);
| int argc;
| char **argv;
| int
| main ()
| {
| return f (e, argv, 0) != argv[0]  ||  f (e, argv, 1) != argv[1];
|   ;
|   return 0;
| }
configure:6418: gcc -qlanglvl=ansi -c   conftest.c >&5
gcc: error: unrecognized command line option '-qlanglvl=ansi'
configure:6418: $? = 1
configure: failed program was:
| /* confdefs.h */
| #define PACKAGE_NAME "zookeeper C client"
| #define PACKAGE_TARNAME "zookeeper"
| #define PACKAGE_VERSION "3.4.2"
| #define PACKAGE_STRING "zookeeper C client 3.4.2"
| #define PACKAGE_BUGREPORT "zookeeper-user@hadoop.apache.org"
| #define PACKAGE_URL ""
| #define PACKAGE "zookeeper"
| #define VERSION "3.4.2"
| #define HAVE_GENERATED_ZOOKEEPER_JUTE_C 1
| #define HAVE_GENERATED_ZOOKEEPER_JUTE_H 1
| /* end confdefs.h.  */
| #include <stdarg.h>
| #include <stdio.h>
| struct stat;
| /* Most of the following tests are stolen from RCS 5.7's src/conf.sh.  */
| struct buf { int x; };
| FILE * (*rcsopen) (struct buf *, struct stat *, int);
| static char *e (p, i)
|      char **p;
|      int i;
| {
|   return p[i];
| }
| static char *f (char * (*g) (char **, int), char **p, ...)
| {
|   char *s;
|   va_list v;
|   va_start (v,p);
|   s = g (p, va_arg (v,int));
|   va_end (v);
|   return s;
| }
| 
| /* OSF 4.0 Compaq cc is some sort of almost-ANSI by default.  It has
|    function prototypes and stuff, but not '\xHH' hex character constants.
|    These don't provoke an error unfortunately, instead are silently treated
|    as 'x'.  The following induces an error, until -std is added to get
|    proper ANSI mode.  Curiously '\x00'!='x' always comes out true, for an
|    array size at least.  It's necessary to write '\x00'==0 to get something
|    that's true only with -std.  */
| int osf4_cc_array ['\x00' == 0 ? 1 : -1];
| 
| /* IBM C 6 for AIX is almost-ANSI by default, but it replaces macro parameters
|    inside strings and character constants.  */
| #define FOO(x) 'x'
| int xlc6_cc_array[FOO(a) == 'x' ? 1 : -1];
| 
| int test (int i, double x);
| struct s1 {int (*f) (int a);};
| struct s2 {int (*f) (double a);};
| int pairnames (int, char **, FILE *(*)(struct buf *, struct stat *, int), int, int);
| int argc;
| char **argv;
| int
| main ()
| {
| return f (e, argv, 0) != argv[0]  ||  f (e, argv, 1) != argv[1];
|   ;
|   return 0;
| }
configure:6418: gcc -std -c   conftest.c >&5
gcc: error: unrecognized command line option '-std'
configure:6418: $? = 1
configure: failed program was:
| /* confdefs.h */
| #define PACKAGE_NAME "zookeeper C client"
| #define PACKAGE_TARNAME "zookeeper"
| #define PACKAGE_VERSION "3.4.2"
| #define PACKAGE_STRING "zookeeper C client 3.4.2"
| #define PACKAGE_BUGREPORT "zookeeper-user@hadoop.apache.org"
| #define PACKAGE_URL ""
| #define PACKAGE "zookeeper"
| #define VERSION "3.4.2"
| #define HAVE_GENERATED_ZOOKEEPER_JUTE_C 1
| #define HAVE_GENERATED_ZOOKEEPER_JUTE_H 1
| /* end confdefs.h.  */
| #include <stdarg.h>
| #include <stdio.h>
| struct stat;
| /* Most of the following tests are stolen from RCS 5.7's src/conf.sh.  */
| struct buf { int x; };
| FILE * (*rcsopen) (struct buf *, struct stat *, int);
| static char *e (p, i)
|      char **p;
|      int i;
| {
|   return p[i];
| }
| static char *f (char * (*g) (char **, int), char **p, ...)
| {
|   char *s;
|   va_list v;
|   va_start (v,p);
|   s = g (p, va_arg (v,int));
|   va_end (v);
|   return s;
| }
| 
| /* OSF 4.0 Compaq cc is some sort of almost-ANSI by default.  It has
|    function prototypes and stuff, but not '\xHH' hex character constants.
|    These don't provoke an error unfortunately, instead are silently treated
|    as 'x'.  The following induces an error, until -std is added to get
|    proper ANSI mode.  Curiously '\x00'!='x' always comes out true, for an
|    array size at least.  It's necessary to write '\x00'==0 to get something
|    that's true only with -std.  */
| int osf4_cc_array ['\x00' == 0 ? 1 : -1];
| 
| /* IBM C 6 for AIX is almost-ANSI by default, but it replaces macro parameters
|    inside strings and character constants.  */
| #define FOO(x) 'x'
| int xlc6_cc_array[FOO(a) == 'x' ? 1 : -1];
| 
| int test (int i, double x);
| struct s1 {int (*f) (int a);};
| struct s2 {int (*f) (double a);};
| int pairnames (int, char **, FILE *(*)(struct buf *, struct stat *, int), int, int);
| int argc;
| char **argv;
| int
| main ()
| {
| return f (e, argv, 0) != argv[0]  ||  f (e, argv, 1) != argv[1];
|   ;
|   return 0;
| }
configure:6418: gcc -Ae -c   conftest.c >&5
<command-line>: error: missing '(' after predicate
configure:6418: $? = 1
configure: failed program was:
| /* confdefs.h */
| #define PACKAGE_NAME "zookeeper C client"
| #define PACKAGE_TARNAME "zookeeper"
| #define PACKAGE_VERSION "3.4.2"
| #define PACKAGE_STRING "zookeeper C client 3.4.2"
| #define PACKAGE_BUGREPORT "zookeeper-user@hadoop.apache.org"
| #define PACKAGE_URL ""
| #define PACKAGE "zookeeper"
| #define VERSION "3.4.2"
| #define HAVE_GENERATED_ZOOKEEPER_JUTE_C 1
| #define HAVE_GENERATED_ZOOKEEPER_JUTE_H 1
| /* end confdefs.h.  */
| #include <stdarg.h>
| #include <stdio.h>
| struct stat;
| /* Most of the following tests are stolen from RCS 5.7's src/conf.sh.  */
| struct buf { int x; };
| FILE * (*rcsopen) (struct buf *, struct stat *, int);
| static char *e (p, i)
|      char **p;
|      int i;
| {
|   return p[i];
| }
| static char *f (char * (*g) (char **, int), char **p, ...)
| {
|   char *s;
|   va_list v;
|   va_start (v,p);
|   s = g (p, va_arg (v,int));
|   va_end (v);
|   return s;
| }
| 
| /* OSF 4.0 Compaq cc is some sort of almost-ANSI by default.  It has
|    function prototypes and stuff, but not '\xHH' hex character constants.
|    These don't provoke an error unfortunately, instead are silently treated
|    as 'x'.  The following induces an error, until -std is added to get
|    proper ANSI mode.  Curiously '\x00'!='x' always comes out true, for an
|    array size at least.  It's necessary to write '\x00'==0 to get something
|    that's true only with -std.  */
| int osf4_cc_array ['\x00' == 0 ? 1 : -1];
| 
| /* IBM C 6 for AIX is almost-ANSI by default, but it replaces macro parameters
|    inside strings and character constants.  */
| #define FOO(x) 'x'
| int xlc6_cc_array[FOO(a) == 'x' ? 1 : -1];
| 
| int test (int i, double x);
| struct s1 {int (*f) (int a);};
| struct s2 {int (*f) (double a);};
| int pairnames (int, char **, FILE *(*)(struct buf *, struct stat *, int), int, int);
| int argc;
| char **argv;
| int
| main ()
| {
| return f (e, argv, 0) != argv[0]  ||  f (e, argv, 1) != argv[1];
|   ;
|   return 0;
| }
configure:6418: gcc -Aa -D_HPUX_SOURCE -c   conftest.c >&5
<command-line>: error: missing '(' after predicate
configure:6418: $? = 1
configure: failed program was:
| /* confdefs.h */
| #define PACKAGE_NAME "zookeeper C client"
| #define PACKAGE_TARNAME "zookeeper"
| #define PACKAGE_VERSION "3.4.2"
| #define PACKAGE_STRING "zookeeper C client 3.4.2"
| #define PACKAGE_BUGREPORT "zookeeper-user@hadoop.apache.org"
| #define PACKAGE_URL ""
| #define PACKAGE "zookeeper"
| #define VERSION "3.4.2"
| #define HAVE_GENERATED_ZOOKEEPER_JUTE_C 1
| #define HAVE_GENERATED_ZOOKEEPER_JUTE_H 1
| /* end confdefs.h.  */
| #include <stdarg.h>
| #include <stdio.h>
| struct stat;
| /* Most of the following tests are stolen from RCS 5.7's src/conf.sh.  */
| struct buf { int x; };
| FILE * (*rcsopen) (struct buf *, struct stat *, int);
| static char *e (p, i)
|      char **p;
|      int i;
| {
|   return p[i];
| }
| static char *f (char * (*g) (char **, int), char **p, ...)
| {
|   char *s;
|   va_list v;
|   va_start (v,p);
|   s = g (p, va_arg (v,int));
|   va_end (v);
|   return s;
| }
| 
| /* OSF 4.0 Compaq cc is some sort of almost-ANSI by default.  It has
|    function prototypes and stuff, but not '\xHH' hex character constants.
|    These don't provoke an error unfortunately, instead are silently treated
|    as 'x'.  The following induces an error, until -std is added to get
|    proper ANSI mode.  Curiously '\x00'!='x' always comes out true, for an
|    array size at least.  It's necessary to write '\x00'==0 to get something
|    that's true only with -std.  */
| int osf4_cc_array ['\x00' == 0 ? 1 : -1];
| 
| /* IBM C 6 for AIX is almost-ANSI by default, but it replaces macro parameters
|    inside strings and character constants.  */
| #define FOO(x) 'x'
| int xlc6_cc_array[FOO(a) == 'x' ? 1 : -1];
| 
| int test (int i, double x);
| struct s1 {int (*f) (int a);};
| struct s2 {int (*f) (double a);};
| int pairnames (int, char **, FILE *(*)(struct buf *, struct stat *, int), int, int);
| int argc;
| char **argv;
| int
| main ()
| {
| return f (e, argv, 0) != argv[0]  ||  f (e, argv, 1) != argv[1];
|   ;
|   return 0;
| }
configure:6418: gcc -Xc -D__EXTENSIONS__ -c   conftest.c >&5
gcc: error: unrecognized command line option '-Xc'; did you mean '-X'?
configure:6418: $? = 1
configure: failed program was:
| /* confdefs.h */
| #define PACKAGE_NAME "zookeeper C client"
| #define PACKAGE_TARNAME "zookeeper"
| #define PACKAGE_VERSION "3.4.2"
| #define PACKAGE_STRING "zookeeper C client 3.4.2"
| #define PACKAGE_BUGREPORT "zookeeper-user@hadoop.apache.org"
| #define PACKAGE_URL ""
| #define PACKAGE "zookeeper"
| #define VERSION "3.4.2"
| #define HAVE_GENERATED_ZOOKEEPER_JUTE_C 1
| #define HAVE_GENERATED_ZOOKEEPER_JUTE_H 1
| /* end confdefs.h.  */
| #include <stdarg.h>
| #include <stdio.h>
| struct stat;
| /* Most of the following tests are stolen from RCS 5.7's src/conf.sh.  */
| struct buf { int x; };
| FILE * (*rcsopen) (struct buf *, struct stat *, int);
| static char *e (p, i)
|      char **p;
|      int i;
| {
|   return p[i];
| }
| static char *f (char * (*g) (char **, int), char **p, ...)
| {
|   char *s;
|   va_list v;
|   va_start (v,p);
|   s = g (p, va_arg (v,int));
|   va_end (v);
|   return s;
| }
| 
| /* OSF 4.0 Compaq cc is some sort of almost-ANSI by default.  It has
|    function prototypes and stuff, but not '\xHH' hex character constants.
|    These don't provoke an error unfortunately, instead are silently treated
|    as 'x'.  The following induces an error, until -std is added to get
|    proper ANSI mode.  Curiously '\x00'!='x' always comes out true, for an
|    array size at least.  It's necessary to write '\x00'==0 to get something
|    that's true only with -std.  */
| int osf4_cc_array ['\x00' == 0 ? 1 : -1];
| 
| /* IBM C 6 for AIX is almost-ANSI by default, but it replaces macro parameters
|    inside strings and character constants.  */
| #define FOO(x) 'x'
| int xlc6_cc_array[FOO(a) == 'x' ? 1 : -1];
| 
| int test (int i, double x);
| struct s1 {int (*f) (int a);};
| struct s2 {int (*f) (double a);};
| int pairnames (int, char **, FILE *(*)(struct buf *, struct stat *, int), int, int);
| int argc;
| char **argv;
| int
| main ()
| {
| return f (e, argv, 0) != argv[0]  ||  f (e, argv, 1) != argv[1];
|   ;
|   return 0;
| }
configure:6434: result: unsupported
configure:6456: checking whether gcc understands -c and -o together
configure:6478: gcc -c conftest.c -o conftest2.
configure:6481: $? = 0
configure:6478: gcc -c conftest.c -o conftest2.
configure:6481: $? = 0
configure:6493: result: yes
configure:6512: checking dependency style of gcc
configure:6623: result: none
configure:6697: checking for g++
configure:6713: found /usr/bin/g++
configure:6724: result: g++
configure:6751: checking for C++ compiler version
configure:6760: g++ --version >&5
g++ (Ubuntu 9.4.0-1ubuntu1~20.04.2) 9.4.0
Copyright (C) 2019 Free Software Foundation, Inc.
This is free software; see the source for copying conditions.  There is NO
warranty; not even for MERCHANTABILITY or FITNESS FOR A PARTICULAR PURPOSE.

configure:6771: $? = 0
configure:6760: g++ -v >&5
Using built-in specs.
COLLECT_GCC=g++
COLLECT_LTO_WRAPPER=/usr/lib/gcc/x86_64-linux-gnu/9/lto-wrapper
OFFLOAD_TARGET_NAMES=nvptx-none:hsa
OFFLOAD_TARGET_DEFAULT=1
Target: x86_64-linux-gnu
Configured with: ../src/configure -v --with-pkgversion='Ubuntu 9.4.0-1ubuntu1~20.04.2' --with-bugurl=file:///usr/share/doc/gcc-9/README.Bugs --enable-languages=c,ada,c++,go,brig,d,fortran,objc,obj-c++,gm2 --prefix=/usr --with-gcc-major-version-only --program-suffix=-9 --program-prefix=x86_64-linux-gnu- --enable-shared --enable-linker-build-id --libexecdir=/usr/lib --without-included-gettext --enable-threads=posix --libdir=/usr/lib --enable-nls --enable-clocale=gnu --enable-libstdcxx-debug --enable-libstdcxx-time=yes --with-default-libstdcxx-abi=new --enable-gnu-unique-object --disable-vtable-verify --enable-plugin --enable-default-pie --with-system-zlib --with-target-system-zlib=auto --enable-objc-gc=auto --enable-multiarch --disable-werror --with-arch-32=i686 --with-abi=m64 --with-multilib-list=m32,m64,mx32 --enable-multilib --with-tune=generic --enable-offload-targets=nvptx-none=/build/gcc-9-9QDOt0/gcc-9-9.4.0/debian/tmp-nvptx/usr,hsa --without-cuda-driver --enable-checking=release --build=x86_64-linux-gnu --host=x86_64-linux-gnu --target=x86_64-linux-gnu
Thread model: posix
gcc version 9.4.0 (Ubuntu 9.4.0-1ubuntu1~20.04.2) 
configure:6771: $? = 0
configure:6760: g++ -V >&5
g++: error: unrecognized command line option '-V'
g++: fatal error: no input files
compilation terminated.
configure:6771: $? = 1
configure:6760: g++ -qversion >&5
g++: error: unrecognized command line option '-qversion'; did you mean '--version'?
g++: fatal error: no input files
compilation terminated.
configure:6771: $? = 1
configure:6775: checking whether we are using the GNU C++ compiler
configure:6794: g++ -c   conftest.cpp >&5
configure:6794: $? = 0
configure: failed program was:
| /* confdefs.h */
| #define PACKAGE_NAME "zookeeper C client"
| #define PACKAGE_TARNAME "zookeeper"
| #define PACKAGE_VERSION "3.4.2"
| #define PACKAGE_STRING "zookeeper C client 3.4.2"
| #define PACKAGE_BUGREPORT "zookeeper-user@hadoop.apache.org"
| #define PACKAGE_URL ""
| #define PACKAGE "zookeeper"
| #define VERSION "3.4.2"
| #define HAVE_GENERATED_ZOOKEEPER_JUTE_C 1
| #define HAVE_GENERATED_ZOOKEEPER_JUTE_H 1
| /* end confdefs.h.  */
| 
| int
| main ()
| {
| #ifndef __GNUC__
|        choke me
| #endif
| 
|   ;
|   return 0;
| }
configure:6803: result: no
configure:6812: checking whether g++ accepts -g
configure:6832: g++ -c -g  conftest.cpp >&5
configure:6832: $? = 0
configure: failed program was:
| /* confdefs.h */
| #define PACKAGE_NAME "zookeeper C client"
| #define PACKAGE_TARNAME "zookeeper"
| #define PACKAGE_VERSION "3.4.2"
| #define PACKAGE_STRING "zookeeper C client 3.4.2"
| #define PACKAGE_BUGREPORT "zookeeper-user@hadoop.apache.org"
| #define PACKAGE_URL ""
| #define PACKAGE "zookeeper"
| #define VERSION "3.4.2"
| #define HAVE_GENERATED_ZOOKEEPER_JUTE_C 1
| #define HAVE_GENERATED_ZOOKEEPER_JUTE_H 1
| /* end confdefs.h.  */
| 
| int
| main ()
| {
| 
|   ;
|   return 0;
| }
configure:6847: g++ -c   conftest.cpp >&5
configure:6847: $? = 0
configure: failed program was:
| /* confdefs.h */
| #define PACKAGE_NAME "zookeeper C client"
| #define PACKAGE_TARNAME "zookeeper"
| #define PACKAGE_VERSION "3.4.2"
| #define PACKAGE_STRING "zookeeper C client 3.4.2"
| #define PACKAGE_BUGREPORT "zookeeper-user@hadoop.apache.org"
| #define PACKAGE_URL ""
| #define PACKAGE "zookeeper"
| #define VERSION "3.4.2"
| #define HAVE_GENERATED_ZOOKEEPER_JUTE_C 1
| #define HAVE_GENERATED_ZOOKEEPER_JUTE_H 1
| /* end confdefs.h.  */
| 
| int
| main ()
| {
| 
|   ;
|   return 0;
| }
configure:6863: g++ -c -g  conftest.cpp >&5
configure:6863: $? = 0
configure: failed program was:
| /* confdefs.h */
| #define PACKAGE_NAME "zookeeper C client"
| #define PACKAGE_TARNAME "zookeeper"
| #define PACKAGE_VERSION "3.4.2"
| #define PACKAGE_STRING "zookeeper C client 3.4.2"
| #define PACKAGE_BUGREPORT "zookeeper-user@hadoop.apache.org"
| #define PACKAGE_URL ""
| #define PACKAGE "zookeeper"
| #define VERSION "3.4.2"
| #define HAVE_GENERATED_ZOOKEEPER_JUTE_C 1
| #define HAVE_GENERATED_ZOOKEEPER_JUTE_H 1
| /* end confdefs.h.  */
| 
| int
| main ()
| {
| 
|   ;
|   return 0;
| }
configure:6873: result: no
configure:6898: checking dependency style of g++
configure:7009: result: none
configure:7025: checking whether ln -s works
configure:7029: result: yes
configure:7067: checking build system type
configure:7081: result: x86_64-pc-linux-gnu
configure:7101: checking host system type
configure:7114: result: x86_64-pc-linux-gnu
configure:7155: checking how to print strings
configure:7182: result: printf
configure:7203: checking for a sed that does not truncate output
configure:7267: result: /usr/bin/sed
configure:7285: checking for grep that handles long lines and -e
configure:7343: result: /usr/bin/grep
configure:7348: checking for egrep
configure:7410: result: /usr/bin/grep -E
configure:7415: checking for fgrep
configure:7477: result: /usr/bin/grep -F
configure:7545: checking for non-GNU ld
configure:7579: result: /bin/ld
configure:7586: checking if the linker (/bin/ld) is GNU ld
configure:7601: result: yes
configure:7613: checking for BSD- or MS-compatible name lister (nm)
configure:7667: result: /usr/bin/nm -B
configure:7797: checking the name lister (/usr/bin/nm -B) interface
configure:7804: gcc -c   conftest.c >&5
configure:7807: /usr/bin/nm -B "conftest."
/usr/bin/nm: 'conftest.': No such file
configure:7810: output
configure:7811: result: BSD nm
configure:7815: checking the maximum length of command line arguments
configure:7946: result: 1572864
configure:7994: checking how to convert x86_64-pc-linux-gnu file names to x86_64-pc-linux-gnu format
configure:8034: result: func_convert_file_noop
configure:8041: checking how to convert x86_64-pc-linux-gnu file names to toolchain format
configure:8061: result: func_convert_file_noop
configure:8068: checking for /bin/ld option to reload object files
configure:8075: result: -r
configure:8149: checking for objdump
configure:8165: found /usr/bin/objdump
configure:8176: result: objdump
configure:8208: checking how to recognize dependent libraries
configure:8408: result: pass_all
configure:8493: checking for dlltool
configure:8523: result: no
configure:8553: checking how to associate runtime and link libraries
configure:8580: result: printf %s\n
configure:8641: checking for ar
configure:8657: found /usr/bin/ar
configure:8668: result: ar
configure:8705: checking for archiver @FILE support
configure:8722: gcc -c   conftest.c >&5
configure:8722: $? = 0
configure: failed program was:
| /* confdefs.h */
| #define PACKAGE_NAME "zookeeper C client"
| #define PACKAGE_TARNAME "zookeeper"
| #define PACKAGE_VERSION "3.4.2"
| #define PACKAGE_STRING "zookeeper C client 3.4.2"
| #define PACKAGE_BUGREPORT "zookeeper-user@hadoop.apache.org"
| #define PACKAGE_URL ""
| #define PACKAGE "zookeeper"
| #define VERSION "3.4.2"
| #define HAVE_GENERATED_ZOOKEEPER_JUTE_C 1
| #define HAVE_GENERATED_ZOOKEEPER_JUTE_H 1
| /* end confdefs.h.  */
| 
| int
| main ()
| {
| 
|   ;
|   return 0;
| }
configure:8748: result: no
configure:8806: checking for strip
configure:8822: found /usr/bin/strip
configure:8833: result: strip
configure:8905: checking for ranlib
configure:8921: found /usr/bin/ranlib
configure:8932: result: ranlib
configure:9034: checking command to parse /usr/bin/nm -B output from gcc object
configure:9187: gcc -c   conftest.c >&5
configure:9190: $? = 0
configure:9194: /usr/bin/nm -B conftest. | sed -n -e 's/^.*[	 ]\([ABCDGIRSTW][ABCDGIRSTW]*\)[	 ][	 ]*\([_A-Za-z][_A-Za-z0-9]*\)$/\1 \2 \2/p' | sed '/ __gnu_lto/d' > conftest.nm
/usr/bin/nm: 'conftest.': No such file
cannot run sed -n -e 's/^.*[	 ]\([ABCDGIRSTW][ABCDGIRSTW]*\)[	 ][	 ]*\([_A-Za-z][_A-Za-z0-9]*\)$/\1 \2 \2/p' | sed '/ __gnu_lto/d'
configure:9187: gcc -c   conftest.c >&5
configure:9190: $? = 0
configure:9194: /usr/bin/nm -B conftest. | sed -n -e 's/^.*[	 ]\([ABCDGIRSTW][ABCDGIRSTW]*\)[	 ][	 ]*_\([_A-Za-z][_A-Za-z0-9]*\)$/\1 _\2 \2/p' | sed '/ __gnu_lto/d' > conftest.nm
/usr/bin/nm: 'conftest.': No such file
cannot run sed -n -e 's/^.*[	 ]\([ABCDGIRSTW][ABCDGIRSTW]*\)[	 ][	 ]*_\([_A-Za-z][_A-Za-z0-9]*\)$/\1 _\2 \2/p' | sed '/ __gnu_lto/d'
configure:9298: result: failed
configure:9348: checking for sysroot
configure:9378: result: no
configure:9385: checking for a working dd
configure:9423: result: /usr/bin/dd
configure:9427: checking how to truncate binary pipes
configure:9442: result: /usr/bin/dd bs=4096 count=1
configure:9578: gcc -c   conftest.c >&5
configure:9581: $? = 0
configure:9771: checking for mt
configure:9787: found /usr/bin/mt
configure:9798: result: mt
configure:9821: checking if mt is a manifest tool
configure:9827: mt '-?'
configure:9835: result: no
configure:10512: checking how to run the C preprocessor
configure:10543: gcc -E  conftest.c
configure:10543: $? = 0
configure:10557: gcc -E  conftest.c
conftest.c:13:10: fatal error: ac_nonexistent.h: No such file or directory
   13 | #include <ac_nonexistent.h>
      |          ^~~~~~~~~~~~~~~~~~
compilation terminated.
configure:10557: $? = 1
configure: failed program was:
| /* confdefs.h */
| #define PACKAGE_NAME "zookeeper C client"
| #define PACKAGE_TARNAME "zookeeper"
| #define PACKAGE_VERSION "3.4.2"
| #define PACKAGE_STRING "zookeeper C client 3.4.2"
| #define PACKAGE_BUGREPORT "zookeeper-user@hadoop.apache.org"
| #define PACKAGE_URL ""
| #define PACKAGE "zookeeper"
| #define VERSION "3.4.2"
| #define HAVE_GENERATED_ZOOKEEPER_JUTE_C 1
| #define HAVE_GENERATED_ZOOKEEPER_JUTE_H 1
| /* end confdefs.h.  */
| #include <ac_nonexistent.h>
configure:10582: result: gcc -E
configure:10602: gcc -E  conftest.c
configure:10602: $? = 0
configure:10616: gcc -E  conftest.c
conftest.c:13:10: fatal error: ac_nonexistent.h: No such file or directory
   13 | #include <ac_nonexistent.h>
      |          ^~~~~~~~~~~~~~~~~~
compilation terminated.
configure:10616: $? = 1
configure: failed program was:
| /* confdefs.h */
| #define PACKAGE_NAME "zookeeper C client"
| #define PACKAGE_TARNAME "zookeeper"
| #define PACKAGE_VERSION "3.4.2"
| #define PACKAGE_STRING "zookeeper C client 3.4.2"
| #define PACKAGE_BUGREPORT "zookeeper-user@hadoop.apache.org"
| #define PACKAGE_URL ""
| #define PACKAGE "zookeeper"
| #define VERSION "3.4.2"
| #define HAVE_GENERATED_ZOOKEEPER_JUTE_C 1
| #define HAVE_GENERATED_ZOOKEEPER_JUTE_H 1
| /* end confdefs.h.  */
| #include <ac_nonexistent.h>
configure:10645: checking for ANSI C header files
configure:10665: gcc -c   conftest.c >&5
configure:10665: $? = 0
configure: failed program was:
| /* confdefs.h */
| #define PACKAGE_NAME "zookeeper C client"
| #define PACKAGE_TARNAME "zookeeper"
| #define PACKAGE_VERSION "3.4.2"
| #define PACKAGE_STRING "zookeeper C client 3.4.2"
| #define PACKAGE_BUGREPORT "zookeeper-user@hadoop.apache.org"
| #define PACKAGE_URL ""
| #define PACKAGE "zookeeper"
| #define VERSION "3.4.2"
| #define HAVE_GENERATED_ZOOKEEPER_JUTE_C 1
| #define HAVE_GENERATED_ZOOKEEPER_JUTE_H 1
| /* end confdefs.h.  */
| #include <stdlib.h>
| #include <stdarg.h>
| #include <string.h>
| #include <float.h>
| 
| int
| main ()
| {
| 
|   ;
|   return 0;
| }
configure:10749: result: no
configure:10762: checking for sys/types.h
configure:10762: gcc -c   conftest.c >&5
configure:10762: $? = 0
configure: failed program was:
| /* confdefs.h */
| #define PACKAGE_NAME "zookeeper C client"
| #define PACKAGE_TARNAME "zookeeper"
| #define PACKAGE_VERSION "3.4.2"
| #define PACKAGE_STRING "zookeeper C client 3.4.2"
| #define PACKAGE_BUGREPORT "zookeeper-user@hadoop.apache.org"
| #define PACKAGE_URL ""
| #define PACKAGE "zookeeper"
| #define VERSION "3.4.2"
| #define HAVE_GENERATED_ZOOKEEPER_JUTE_C 1
| #define HAVE_GENERATED_ZOOKEEPER_JUTE_H 1
| /* end confdefs.h.  */
| #include <stdio.h>
| #ifdef HAVE_SYS_TYPES_H
| # include <sys/types.h>
| #endif
| #ifdef HAVE_SYS_STAT_H
| # include <sys/stat.h>
| #endif
| #ifdef STDC_HEADERS
| # include <stdlib.h>
| # include <stddef.h>
| #else
| # ifdef HAVE_STDLIB_H
| #  include <stdlib.h>
| # endif
| #endif
| #ifdef HAVE_STRING_H
| # if !defined STDC_HEADERS && defined HAVE_MEMORY_H
| #  include <memory.h>
| # endif
| # include <string.h>
| #endif
| #ifdef HAVE_STRINGS_H
| # include <strings.h>
| #endif
| #ifdef HAVE_INTTYPES_H
| # include <inttypes.h>
| #endif
| #ifdef HAVE_STDINT_H
| # include <stdint.h>
| #endif
| #ifdef HAVE_UNISTD_H
| # include <unistd.h>
| #endif
| 
| #include <sys/types.h>
configure:10762: result: no
configure:10762: checking for sys/stat.h
configure:10762: gcc -c   conftest.c >&5
configure:10762: $? = 0
configure: failed program was:
| /* confdefs.h */
| #define PACKAGE_NAME "zookeeper C client"
| #define PACKAGE_TARNAME "zookeeper"
| #define PACKAGE_VERSION "3.4.2"
| #define PACKAGE_STRING "zookeeper C client 3.4.2"
| #define PACKAGE_BUGREPORT "zookeeper-user@hadoop.apache.org"
| #define PACKAGE_URL ""
| #define PACKAGE "zookeeper"
| #define VERSION "3.4.2"
| #define HAVE_GENERATED_ZOOKEEPER_JUTE_C 1
| #define HAVE_GENERATED_ZOOKEEPER_JUTE_H 1
| /* end confdefs.h.  */
| #include <stdio.h>
| #ifdef HAVE_SYS_TYPES_H
| # include <sys/types.h>
| #endif
| #ifdef HAVE_SYS_STAT_H
| # include <sys/stat.h>
| #endif
| #ifdef STDC_HEADERS
| # include <stdlib.h>
| # include <stddef.h>
| #else
| # ifdef HAVE_STDLIB_H
| #  include <stdlib.h>
| # endif
| #endif
| #ifdef HAVE_STRING_H
| # if !defined STDC_HEADERS && defined HAVE_MEMORY_H
| #  include <memory.h>
| # endif
| # include <string.h>
| #endif
| #ifdef HAVE_STRINGS_H
| # include <strings.h>
| #endif
| #ifdef HAVE_INTTYPES_H
| # include <inttypes.h>
| #endif
| #ifdef HAVE_STDINT_H
| # include <stdint.h>
| #endif
| #ifdef HAVE_UNISTD_H
| # include <unistd.h>
| #endif
| 
| #include <sys/stat.h>
configure:10762: result: no
configure:10762: checking for stdlib.h
configure:10762: gcc -c   conftest.c >&5
configure:10762: $? = 0
configure: failed program was:
| /* confdefs.h */
| #define PACKAGE_NAME "zookeeper C client"
| #define PACKAGE_TARNAME "zookeeper"
| #define PACKAGE_VERSION "3.4.2"
| #define PACKAGE_STRING "zookeeper C client 3.4.2"
| #define PACKAGE_BUGREPORT "zookeeper-user@hadoop.apache.org"
| #define PACKAGE_URL ""
| #define PACKAGE "zookeeper"
| #define VERSION "3.4.2"
| #define HAVE_GENERATED_ZOOKEEPER_JUTE_C 1
| #define HAVE_GENERATED_ZOOKEEPER_JUTE_H 1
| /* end confdefs.h.  */
| #include <stdio.h>
| #ifdef HAVE_SYS_TYPES_H
| # include <sys/types.h>
| #endif
| #ifdef HAVE_SYS_STAT_H
| # include <sys/stat.h>
| #endif
| #ifdef STDC_HEADERS
| # include <stdlib.h>
| # include <stddef.h>
| #else
| # ifdef HAVE_STDLIB_H
| #  include <stdlib.h>
| # endif
| #endif
| #ifdef HAVE_STRING_H
| # if !defined STDC_HEADERS && defined HAVE_MEMORY_H
| #  include <memory.h>
| # endif
| # include <string.h>
| #endif
| #ifdef HAVE_STRINGS_H
| # include <strings.h>
| #endif
| #ifdef HAVE_INTTYPES_H
| # include <inttypes.h>
| #endif
| #ifdef HAVE_STDINT_H
| # include <stdint.h>
| #endif
| #ifdef HAVE_UNISTD_H
| # include <unistd.h>
| #endif
| 
| #include <stdlib.h>
configure:10762: result: no
configure:10762: checking for string.h
configure:10762: gcc -c   conftest.c >&5
configure:10762: $? = 0
configure: failed program was:
| /* confdefs.h */
| #define PACKAGE_NAME "zookeeper C client"
| #define PACKAGE_TARNAME "zookeeper"
| #define PACKAGE_VERSION "3.4.2"
| #define PACKAGE_STRING "zookeeper C client 3.4.2"
| #define PACKAGE_BUGREPORT "zookeeper-user@hadoop.apache.org"
| #define PACKAGE_URL ""
| #define PACKAGE "zookeeper"
| #define VERSION "3.4.2"
| #define HAVE_GENERATED_ZOOKEEPER_JUTE_C 1
| #define HAVE_GENERATED_ZOOKEEPER_JUTE_H 1
| /* end confdefs.h.  */
| #include <stdio.h>
| #ifdef HAVE_SYS_TYPES_H
| # include <sys/types.h>
| #endif
| #ifdef HAVE_SYS_STAT_H
| # include <sys/stat.h>
| #endif
| #ifdef STDC_HEADERS
| # include <stdlib.h>
| # include <stddef.h>
| #else
| # ifdef HAVE_STDLIB_H
| #  include <stdlib.h>
| # endif
| #endif
| #ifdef HAVE_STRING_H
| # if !defined STDC_HEADERS && defined HAVE_MEMORY_H
| #  include <memory.h>
| # endif
| # include <string.h>
| #endif
| #ifdef HAVE_STRINGS_H
| # include <strings.h>
| #endif
| #ifdef HAVE_INTTYPES_H
| # include <inttypes.h>
| #endif
| #ifdef HAVE_STDINT_H
| # include <stdint.h>
| #endif
| #ifdef HAVE_UNISTD_H
| # include <unistd.h>
| #endif
| 
| #include <string.h>
configure:10762: result: no
configure:10762: checking for memory.h
configure:10762: gcc -c   conftest.c >&5
configure:10762: $? = 0
configure: failed program was:
| /* confdefs.h */
| #define PACKAGE_NAME "zookeeper C client"
| #define PACKAGE_TARNAME "zookeeper"
| #define PACKAGE_VERSION "3.4.2"
| #define PACKAGE_STRING "zookeeper C client 3.4.2"
| #define PACKAGE_BUGREPORT "zookeeper-user@hadoop.apache.org"
| #define PACKAGE_URL ""
| #define PACKAGE "zookeeper"
| #define VERSION "3.4.2"
| #define HAVE_GENERATED_ZOOKEEPER_JUTE_C 1
| #define HAVE_GENERATED_ZOOKEEPER_JUTE_H 1
| /* end confdefs.h.  */
| #include <stdio.h>
| #ifdef HAVE_SYS_TYPES_H
| # include <sys/types.h>
| #endif
| #ifdef HAVE_SYS_STAT_H
| # include <sys/stat.h>
| #endif
| #ifdef STDC_HEADERS
| # include <stdlib.h>
| # include <stddef.h>
| #else
| # ifdef HAVE_STDLIB_H
| #  include <stdlib.h>
| # endif
| #endif
| #ifdef HAVE_STRING_H
| # if !defined STDC_HEADERS && defined HAVE_MEMORY_H
| #  include <memory.h>
| # endif
| # include <string.h>
| #endif
| #ifdef HAVE_STRINGS_H
| # include <strings.h>
| #endif
| #ifdef HAVE_INTTYPES_H
| # include <inttypes.h>
| #endif
| #ifdef HAVE_STDINT_H
| # include <stdint.h>
| #endif
| #ifdef HAVE_UNISTD_H
| # include <unistd.h>
| #endif
| 
| #include <memory.h>
configure:10762: result: no
configure:10762: checking for strings.h
configure:10762: gcc -c   conftest.c >&5
configure:10762: $? = 0
configure: failed program was:
| /* confdefs.h */
| #define PACKAGE_NAME "zookeeper C client"
| #define PACKAGE_TARNAME "zookeeper"
| #define PACKAGE_VERSION "3.4.2"
| #define PACKAGE_STRING "zookeeper C client 3.4.2"
| #define PACKAGE_BUGREPORT "zookeeper-user@hadoop.apache.org"
| #define PACKAGE_URL ""
| #define PACKAGE "zookeeper"
| #define VERSION "3.4.2"
| #define HAVE_GENERATED_ZOOKEEPER_JUTE_C 1
| #define HAVE_GENERATED_ZOOKEEPER_JUTE_H 1
| /* end confdefs.h.  */
| #include <stdio.h>
| #ifdef HAVE_SYS_TYPES_H
| # include <sys/types.h>
| #endif
| #ifdef HAVE_SYS_STAT_H
| # include <sys/stat.h>
| #endif
| #ifdef STDC_HEADERS
| # include <stdlib.h>
| # include <stddef.h>
| #else
| # ifdef HAVE_STDLIB_H
| #  include <stdlib.h>
| # endif
| #endif
| #ifdef HAVE_STRING_H
| # if !defined STDC_HEADERS && defined HAVE_MEMORY_H
| #  include <memory.h>
| # endif
| # include <string.h>
| #endif
| #ifdef HAVE_STRINGS_H
| # include <strings.h>
| #endif
| #ifdef HAVE_INTTYPES_H
| # include <inttypes.h>
| #endif
| #ifdef HAVE_STDINT_H
| # include <stdint.h>
| #endif
| #ifdef HAVE_UNISTD_H
| # include <unistd.h>
| #endif
| 
| #include <strings.h>
configure:10762: result: no
configure:10762: checking for inttypes.h
configure:10762: gcc -c   conftest.c >&5
configure:10762: $? = 0
configure: failed program was:
| /* confdefs.h */
| #define PACKAGE_NAME "zookeeper C client"
| #define PACKAGE_TARNAME "zookeeper"
| #define PACKAGE_VERSION "3.4.2"
| #define PACKAGE_STRING "zookeeper C client 3.4.2"
| #define PACKAGE_BUGREPORT "zookeeper-user@hadoop.apache.org"
| #define PACKAGE_URL ""
| #define PACKAGE "zookeeper"
| #define VERSION "3.4.2"
| #define HAVE_GENERATED_ZOOKEEPER_JUTE_C 1
| #define HAVE_GENERATED_ZOOKEEPER_JUTE_H 1
| /* end confdefs.h.  */
| #include <stdio.h>
| #ifdef HAVE_SYS_TYPES_H
| # include <sys/types.h>
| #endif
| #ifdef HAVE_SYS_STAT_H
| # include <sys/stat.h>
| #endif
| #ifdef STDC_HEADERS
| # include <stdlib.h>
| # include <stddef.h>
| #else
| # ifdef HAVE_STDLIB_H
| #  include <stdlib.h>
| # endif
| #endif
| #ifdef HAVE_STRING_H
| # if !defined STDC_HEADERS && defined HAVE_MEMORY_H
| #  include <memory.h>
| # endif
| # include <string.h>
| #endif
| #ifdef HAVE_STRINGS_H
| # include <strings.h>
| #endif
| #ifdef HAVE_INTTYPES_H
| # include <inttypes.h>
| #endif
| #ifdef HAVE_STDINT_H
| # include <stdint.h>
| #endif
| #ifdef HAVE_UNISTD_H
| # include <unistd.h>
| #endif
| 
| #include <inttypes.h>
configure:10762: result: no
configure:10762: checking for stdint.h
configure:10762: gcc -c   conftest.c >&5
configure:10762: $? = 0
configure: failed program was:
| /* confdefs.h */
| #define PACKAGE_NAME "zookeeper C client"
| #define PACKAGE_TARNAME "zookeeper"
| #define PACKAGE_VERSION "3.4.2"
| #define PACKAGE_STRING "zookeeper C client 3.4.2"
| #define PACKAGE_BUGREPORT "zookeeper-user@hadoop.apache.org"
| #define PACKAGE_URL ""
| #define PACKAGE "zookeeper"
| #define VERSION "3.4.2"
| #define HAVE_GENERATED_ZOOKEEPER_JUTE_C 1
| #define HAVE_GENERATED_ZOOKEEPER_JUTE_H 1
| /* end confdefs.h.  */
| #include <stdio.h>
| #ifdef HAVE_SYS_TYPES_H
| # include <sys/types.h>
| #endif
| #ifdef HAVE_SYS_STAT_H
| # include <sys/stat.h>
| #endif
| #ifdef STDC_HEADERS
| # include <stdlib.h>
| # include <stddef.h>
| #else
| # ifdef HAVE_STDLIB_H
| #  include <stdlib.h>
| # endif
| #endif
| #ifdef HAVE_STRING_H
| # if !defined STDC_HEADERS && defined HAVE_MEMORY_H
| #  include <memory.h>
| # endif
| # include <string.h>
| #endif
| #ifdef HAVE_STRINGS_H
| # include <strings.h>
| #endif
| #ifdef HAVE_INTTYPES_H
| # include <inttypes.h>
| #endif
| #ifdef HAVE_STDINT_H
| # include <stdint.h>
| #endif
| #ifdef HAVE_UNISTD_H
| # include <unistd.h>
| #endif
| 
| #include <stdint.h>
configure:10762: result: no
configure:10762: checking for unistd.h
configure:10762: gcc -c   conftest.c >&5
configure:10762: $? = 0
configure: failed program was:
| /* confdefs.h */
| #define PACKAGE_NAME "zookeeper C client"
| #define PACKAGE_TARNAME "zookeeper"
| #define PACKAGE_VERSION "3.4.2"
| #define PACKAGE_STRING "zookeeper C client 3.4.2"
| #define PACKAGE_BUGREPORT "zookeeper-user@hadoop.apache.org"
| #define PACKAGE_URL ""
| #define PACKAGE "zookeeper"
| #define VERSION "3.4.2"
| #define HAVE_GENERATED_ZOOKEEPER_JUTE_C 1
| #define HAVE_GENERATED_ZOOKEEPER_JUTE_H 1
| /* end confdefs.h.  */
| #include <stdio.h>
| #ifdef HAVE_SYS_TYPES_H
| # include <sys/types.h>
| #endif
| #ifdef HAVE_SYS_STAT_H
| # include <sys/stat.h>
| #endif
| #ifdef STDC_HEADERS
| # include <stdlib.h>
| # include <stddef.h>
| #else
| # ifdef HAVE_STDLIB_H
| #  include <stdlib.h>
| # endif
| #endif
| #ifdef HAVE_STRING_H
| # if !defined STDC_HEADERS && defined HAVE_MEMORY_H
| #  include <memory.h>
| # endif
| # include <string.h>
| #endif
| #ifdef HAVE_STRINGS_H
| # include <strings.h>
| #endif
| #ifdef HAVE_INTTYPES_H
| # include <inttypes.h>
| #endif
| #ifdef HAVE_STDINT_H
| # include <stdint.h>
| #endif
| #ifdef HAVE_UNISTD_H
| # include <unistd.h>
| #endif
| 
| #include <unistd.h>
configure:10762: result: no
configure:10776: checking for dlfcn.h
configure:10776: gcc -c   conftest.c >&5
configure:10776: $? = 0
configure: failed program was:
| /* confdefs.h */
| #define PACKAGE_NAME "zookeeper C client"
| #define PACKAGE_TARNAME "zookeeper"
| #define PACKAGE_VERSION "3.4.2"
| #define PACKAGE_STRING "zookeeper C client 3.4.2"
| #define PACKAGE_BUGREPORT "zookeeper-user@hadoop.apache.org"
| #define PACKAGE_URL ""
| #define PACKAGE "zookeeper"
| #define VERSION "3.4.2"
| #define HAVE_GENERATED_ZOOKEEPER_JUTE_C 1
| #define HAVE_GENERATED_ZOOKEEPER_JUTE_H 1
| /* end confdefs.h.  */
| #include <stdio.h>
| #ifdef HAVE_SYS_TYPES_H
| # include <sys/types.h>
| #endif
| #ifdef HAVE_SYS_STAT_H
| # include <sys/stat.h>
| #endif
| #ifdef STDC_HEADERS
| # include <stdlib.h>
| # include <stddef.h>
| #else
| # ifdef HAVE_STDLIB_H
| #  include <stdlib.h>
| # endif
| #endif
| #ifdef HAVE_STRING_H
| # if !defined STDC_HEADERS && defined HAVE_MEMORY_H
| #  include <memory.h>
| # endif
| # include <string.h>
| #endif
| #ifdef HAVE_STRINGS_H
| # include <strings.h>
| #endif
| #ifdef HAVE_INTTYPES_H
| # include <inttypes.h>
| #endif
| #ifdef HAVE_STDINT_H
| # include <stdint.h>
| #endif
| #ifdef HAVE_UNISTD_H
| # include <unistd.h>
| #endif
| 
| #include <dlfcn.h>
configure:10776: result: no
configure:11042: checking for objdir
configure:11057: result: .libs
configure:11716: checking for gcc option to produce PIC
configure:11723: result:  -DPIC
configure:11731: checking if gcc PIC flag  -DPIC works
configure:11749: gcc -c    -DPIC -DPIC conftest.c >&5
configure:11753: $? = 0
configure:11766: result: yes
configure:11795: checking if gcc static flag  works
configure:11823: result: yes
configure:11838: checking if gcc supports -c -o file.o
configure:11859: gcc -c   -o out/conftest2.o conftest.c >&5
configure:11863: $? = 0
configure:11885: result: yes
configure:11893: checking if gcc supports -c -o file.o
configure:11940: result: yes
configure:11973: checking whether the gcc linker (/bin/ld -m elf_x86_64) supports shared libraries
configure:13236: result: yes
configure:13476: checking dynamic linker characteristics
configure:14057: gcc -o conftest    -rpath /foo conftest.c  >&5
gcc: error: /foo: No such file or directory
gcc: error: unrecognized command line option '-rpath'
configure:14057: $? = 1
configure: failed program was:
| /* confdefs.h */
| #define PACKAGE_NAME "zookeeper C client"
| #define PACKAGE_TARNAME "zookeeper"
| #define PACKAGE_VERSION "3.4.2"
| #define PACKAGE_STRING "zookeeper C client 3.4.2"
| #define PACKAGE_BUGREPORT "zookeeper-user@hadoop.apache.org"
| #define PACKAGE_URL ""
| #define PACKAGE "zookeeper"
| #define VERSION "3.4.2"
| #define HAVE_GENERATED_ZOOKEEPER_JUTE_C 1
| #define HAVE_GENERATED_ZOOKEEPER_JUTE_H 1
| #define LT_OBJDIR ".libs/"
| /* end confdefs.h.  */
| 
| int
| main ()
| {
| 
|   ;
|   return 0;
| }
configure:14306: result: GNU/Linux ld.so
configure:14428: checking how to hardcode library paths into programs
configure:14453: result: immediate
configure:15001: checking whether stripping libraries is possible
configure:15006: result: yes
configure:15041: checking if libtool supports shared libraries
configure:15043: result: yes
configure:15046: checking whether to build shared libraries
configure:15071: result: yes
configure:15074: checking whether to build static libraries
configure:15078: result: yes
configure:11877: checking how to run the C++ preprocessor
configure:11904: g++ -E  conftest.cpp
configure:11904: $? = 0
configure:11918: g++ -E  conftest.cpp
conftest.cpp:14:10: fatal error: ac_nonexistent.h: No such file or directory
   14 | #include <ac_nonexistent.h>
      |          ^~~~~~~~~~~~~~~~~~
compilation terminated.
configure:11918: $? = 1
configure: failed program was:
| /* confdefs.h */
| #define PACKAGE_NAME "zookeeper C client"
| #define PACKAGE_TARNAME "zookeeper"
| #define PACKAGE_VERSION "3.4.2"
| #define PACKAGE_STRING "zookeeper C client 3.4.2"
| #define PACKAGE_BUGREPORT "zookeeper-user@hadoop.apache.org"
| #define PACKAGE_URL ""
| #define PACKAGE "zookeeper"
| #define VERSION "3.4.2"
| #define HAVE_GENERATED_ZOOKEEPER_JUTE_C 1
| #define HAVE_GENERATED_ZOOKEEPER_JUTE_H 1
| #define LT_OBJDIR ".libs/"
| /* end confdefs.h.  */
| #include <ac_nonexistent.h>
configure:11943: result: g++ -E
configure:11963: g++ -E  conftest.cpp
configure:11963: $? = 0
configure:11977: g++ -E  conftest.cpp
conftest.cpp:14:10: fatal error: ac_nonexistent.h: No such file or directory
   14 | #include <ac_nonexistent.h>
      |          ^~~~~~~~~~~~~~~~~~
compilation terminated.
configure:11977: $? = 1
configure: failed program was:
| /* confdefs.h */
| #define PACKAGE_NAME "zookeeper C client"
| #define PACKAGE_TARNAME "zookeeper"
| #define PACKAGE_VERSION "3.4.2"
| #define PACKAGE_STRING "zookeeper C client 3.4.2"
| #define PACKAGE_BUGREPORT "zookeeper-user@hadoop.apache.org"
| #define PACKAGE_URL ""
| #define PACKAGE "zookeeper"
| #define VERSION "3.4.2"
| #define HAVE_GENERATED_ZOOKEEPER_JUTE_C 1
| #define HAVE_GENERATED_ZOOKEEPER_JUTE_H 1
| #define LT_OBJDIR ".libs/"
| /* end confdefs.h.  */
| #include <ac_nonexistent.h>
configure:12283: checking whether the g++ linker (/bin/ld -m elf_x86_64) supports shared libraries
configure:13356: result: yes
configure:13392: g++ -c   conftest.cpp >&5
configure:13395: $? = 0
configure:13876: checking for g++ option to produce PIC
configure:13883: result:  -DPIC
configure:13891: checking if g++ PIC flag  -DPIC works
configure:13909: g++ -c    -DPIC -DPIC conftest.cpp >&5
configure:13913: $? = 0
configure:13926: result: yes
configure:13949: checking if g++ static flag  works
configure:13977: result: yes
configure:13989: checking if g++ supports -c -o file.o
configure:14010: g++ -c   -o out/conftest2.o conftest.cpp >&5
configure:14014: $? = 0
configure:14036: result: yes
configure:14041: checking if g++ supports -c -o file.o
configure:14088: result: yes
configure:14118: checking whether the g++ linker (/bin/ld -m elf_x86_64) supports shared libraries
configure:14161: result: yes
configure:14302: checking dynamic linker characteristics
configure:15059: result: GNU/Linux ld.so
configure:15124: checking how to hardcode library paths into programs
configure:15149: result: unsupported
configure:14086: checking for pthread_mutex_lock in -lpthread
configure:14111: gcc -o conftest -g -O2 -D_GNU_SOURCE   conftest.c -lpthread   >&5
configure:14111: $? = 0
configure:14120: result: yes
configure:14135: building with SyncAPI support
configure:14152: checking for ANSI C header files
configure:14256: result: no
configure:14267: checking arpa/inet.h usability
configure:14267: gcc -c -g -O2 -D_GNU_SOURCE  conftest.c >&5
configure:14267: $? = 0
configure:14267: result: yes
configure:14267: checking arpa/inet.h presence
configure:14267: gcc -E  conftest.c
configure:14267: $? = 0
configure:14267: result: yes
configure:14267: checking for arpa/inet.h
configure:14267: result: yes
configure:14267: checking fcntl.h usability
configure:14267: gcc -c -g -O2 -D_GNU_SOURCE  conftest.c >&5
configure:14267: $? = 0
configure:14267: result: yes
configure:14267: checking fcntl.h presence
configure:14267: gcc -E  conftest.c
configure:14267: $? = 0
configure:14267: result: yes
configure:14267: checking for fcntl.h
configure:14267: result: yes
configure:14267: checking netdb.h usability
configure:14267: gcc -c -g -O2 -D_GNU_SOURCE  conftest.c >&5
configure:14267: $? = 0
configure:14267: result: yes
configure:14267: checking netdb.h presence
configure:14267: gcc -E  conftest.c
configure:14267: $? = 0
configure:14267: result: yes
configure:14267: checking for netdb.h
configure:14267: result: yes
configure:14267: checking netinet/in.h usability
configure:14267: gcc -c -g -O2 -D_GNU_SOURCE  conftest.c >&5
configure:14267: $? = 0
configure:14267: result: yes
configure:14267: checking netinet/in.h presence
configure:14267: gcc -E  conftest.c
configure:14267: $? = 0
configure:14267: result: yes
configure:14267: checking for netinet/in.h
configure:14267: result: yes
configure:14267: checking for stdlib.h
configure:14267: result: no
configure:14267: checking for string.h
configure:14267: result: no
configure:14267: checking sys/socket.h usability
configure:14267: gcc -c -g -O2 -D_GNU_SOURCE  conftest.c >&5
configure:14267: $? = 0
configure:14267: result: yes
configure:14267: checking sys/socket.h presence
configure:14267: gcc -E  conftest.c
configure:14267: $? = 0
configure:14267: result: yes
configure:14267: checking for sys/socket.h
configure:14267: result: yes
configure:14267: checking sys/time.h usability
configure:14267: gcc -c -g -O2 -D_GNU_SOURCE  conftest.c >&5
configure:14267: $? = 0
configure:14267: result: yes
configure:14267: checking sys/time.h presence
configure:14267: gcc -E  conftest.c
configure:14267: $? = 0
configure:14267: result: yes
configure:14267: checking for sys/time.h
configure:14267: result: yes
configure:14267: checking for unistd.h
configure:14267: result: no
configure:14267: checking sys/utsname.h usability
configure:14267: gcc -c -g -O2 -D_GNU_SOURCE  conftest.c >&5
configure:14267: $? = 0
configure:14267: result: yes
configure:14267: checking sys/utsname.h presence
configure:14267: gcc -E  conftest.c
configure:14267: $? = 0
configure:14267: result: yes
configure:14267: checking for sys/utsname.h
configure:14267: result: yes
configure:14279: checking for an ANSI C-conforming const
configure:14345: gcc -c -g -O2 -D_GNU_SOURCE  conftest.c >&5
configure:14345: $? = 0
configure:14352: result: yes
configure:14360: checking for inline
configure:14376: gcc -c -g -O2 -D_GNU_SOURCE  conftest.c >&5
configure:14376: $? = 0
configure:14384: result: inline
configure:14402: checking whether time.h and sys/time.h may both be included
configure:14422: gcc -c -g -O2 -D_GNU_SOURCE  conftest.c >&5
configure:14422: $? = 0
configure:14429: result: yes
configure:14437: checking for nfds_t
configure:14437: gcc -c -g -O2 -D_GNU_SOURCE  conftest.c >&5
configure:14437: $? = 0
configure:14437: gcc -c -g -O2 -D_GNU_SOURCE  conftest.c >&5
conftest.c: In function 'main':
conftest.c:27:21: error: expected expression before ')' token
   27 | if (sizeof ((nfds_t)))
      |                     ^
configure:14437: $? = 1
configure: failed program was:
| /* confdefs.h */
| #define PACKAGE_NAME "zookeeper C client"
| #define PACKAGE_TARNAME "zookeeper"
| #define PACKAGE_VERSION "3.4.2"
| #define PACKAGE_STRING "zookeeper C client 3.4.2"
| #define PACKAGE_BUGREPORT "zookeeper-user@hadoop.apache.org"
| #define PACKAGE_URL ""
| #define PACKAGE "zookeeper"
| #define VERSION "3.4.2"
| #define HAVE_GENERATED_ZOOKEEPER_JUTE_C 1
| #define HAVE_GENERATED_ZOOKEEPER_JUTE_H 1
| #define LT_OBJDIR ".libs/"
| #define HAVE_ARPA_INET_H 1
| #define HAVE_FCNTL_H 1
| #define HAVE_NETDB_H 1
| #define HAVE_NETINET_IN_H 1
| #define HAVE_SYS_SOCKET_H 1
| #define HAVE_SYS_TIME_H 1
| #define HAVE_SYS_UTSNAME_H 1
| #define TIME_WITH_SYS_TIME 1
| /* end confdefs.h.  */
| #include <poll.h>
| 
| int
| main ()
| {
| if (sizeof ((nfds_t)))
| 	    return 0;
|   ;
|   return 0;
| }
configure:14437: result: yes
configure:14450: checking whether to enable ipv6
configure:14472: gcc -o conftest -g -O2 -D_GNU_SOURCE   conftest.c  >&5
conftest.c:26:1: warning: return type defaults to 'int' [-Wimplicit-int]
   26 | main()
      | ^~~~
conftest.c: In function 'main':
conftest.c:29:4: warning: implicit declaration of function 'exit' [-Wimplicit-function-declaration]
   29 |    exit(1);
      |    ^~~~
conftest.c:29:4: warning: incompatible implicit declaration of built-in function 'exit'
conftest.c:26:1: note: include '<stdlib.h>' or provide a declaration of 'exit'
   25 | #include <sys/socket.h>
  +++ |+#include <stdlib.h>
   26 | main()
conftest.c:31:4: warning: incompatible implicit declaration of built-in function 'exit'
   31 |    exit(0);
      |    ^~~~
conftest.c:31:4: note: include '<stdlib.h>' or provide a declaration of 'exit'
configure:14472: $? = 0
configure:14472: ./conftest
configure:14472: $? = 0
configure:14473: result: yes
configure:14495: checking for getcwd
configure:14495: gcc -o conftest -g -O2 -D_GNU_SOURCE   conftest.c  >&5
configure:14495: $? = 0
configure:14495: result: yes
configure:14495: checking for gethostbyname
configure:14495: gcc -o conftest -g -O2 -D_GNU_SOURCE   conftest.c  >&5
configure:14495: $? = 0
configure:14495: result: yes
configure:14495: checking for gethostname
configure:14495: gcc -o conftest -g -O2 -D_GNU_SOURCE   conftest.c  >&5
configure:14495: $? = 0
configure:14495: result: yes
configure:14495: checking for getlogin
configure:14495: gcc -o conftest -g -O2 -D_GNU_SOURCE   conftest.c  >&5
configure:14495: $? = 0
configure:14495: result: yes
configure:14495: checking for getpwuid_r
configure:14495: gcc -o conftest -g -O2 -D_GNU_SOURCE   conftest.c  >&5
configure:14495: $? = 0
configure:14495: result: yes
configure:14495: checking for gettimeofday
configure:14495: gcc -o conftest -g -O2 -D_GNU_SOURCE   conftest.c  >&5
configure:14495: $? = 0
configure:14495: result: yes
configure:14495: checking for getuid
configure:14495: gcc -o conftest -g -O2 -D_GNU_SOURCE   conftest.c  >&5
configure:14495: $? = 0
configure:14495: result: yes
configure:14495: checking for memmove
configure:14495: gcc -o conftest -g -O2 -D_GNU_SOURCE   conftest.c  >&5
conftest.c:53:6: warning: conflicting types for built-in function 'memmove'; expected 'void *(void *, const void *, long unsigned int)' [-Wbuiltin-declaration-mismatch]
   53 | char memmove ();
      |      ^~~~~~~
conftest.c:41:1: note: 'memmove' is declared in header '<string.h>'
   40 | # include <limits.h>
   41 | #else
configure:14495: $? = 0
configure:14495: result: yes
configure:14495: checking for memset
configure:14495: gcc -o conftest -g -O2 -D_GNU_SOURCE   conftest.c  >&5
conftest.c:54:6: warning: conflicting types for built-in function 'memset'; expected 'void *(void *, int,  long unsigned int)' [-Wbuiltin-declaration-mismatch]
   54 | char memset ();
      |      ^~~~~~
conftest.c:42:1: note: 'memset' is declared in header '<string.h>'
   41 | # include <limits.h>
   42 | #else
configure:14495: $? = 0
configure:14495: result: yes
configure:14495: checking for poll
configure:14495: gcc -o conftest -g -O2 -D_GNU_SOURCE   conftest.c  >&5
configure:14495: $? = 0
configure:14495: result: yes
configure:14495: checking for socket
configure:14495: gcc -o conftest -g -O2 -D_GNU_SOURCE   conftest.c  >&5
configure:14495: $? = 0
configure:14495: result: yes
configure:14495: checking for strchr
configure:14495: gcc -o conftest -g -O2 -D_GNU_SOURCE   conftest.c  >&5
conftest.c:57:6: warning: conflicting types for built-in function 'strchr'; expected 'char *(const char *, int)' [-Wbuiltin-declaration-mismatch]
   57 | char strchr ();
      |      ^~~~~~
conftest.c:45:1: note: 'strchr' is declared in header '<string.h>'
   44 | # include <limits.h>
   45 | #else
configure:14495: $? = 0
configure:14495: result: yes
configure:14495: checking for strdup
configure:14495: gcc -o conftest -g -O2 -D_GNU_SOURCE   conftest.c  >&5
conftest.c:58:6: warning: conflicting types for built-in function 'strdup'; expected 'char *(const char *)' [-Wbuiltin-declaration-mismatch]
   58 | char strdup ();
      |      ^~~~~~
configure:14495: $? = 0
configure:14495: result: yes
configure:14495: checking for strerror
configure:14495: gcc -o conftest -g -O2 -D_GNU_SOURCE   conftest.c  >&5
configure:14495: $? = 0
configure:14495: result: yes
configure:14495: checking for strtol
configure:14495: gcc -o conftest -g -O2 -D_GNU_SOURCE   conftest.c  >&5
configure:14495: $? = 0
configure:14495: result: yes
configure:14696: checking that generated files are newer than configure
configure:14702: result: done
configure:14713: error: conditional "AMDEP" was never defined.
Usually this means the macro was only invoked conditionally.

## ---------------- ##
## Cache variables. ##
## ---------------- ##

ac_cv_build=x86_64-pc-linux-gnu
ac_cv_c_compiler_gnu=no
ac_cv_c_const=yes
ac_cv_c_inline=inline
ac_cv_cxx_compiler_gnu=no
ac_cv_env_CCC_set=
ac_cv_env_CCC_value=
ac_cv_env_CC_set=
ac_cv_env_CC_value=
ac_cv_env_CFLAGS_set=
ac_cv_env_CFLAGS_value=
ac_cv_env_CPPFLAGS_set=
ac_cv_env_CPPFLAGS_value=
ac_cv_env_CPP_set=
ac_cv_env_CPP_value=
ac_cv_env_CXXCPP_set=
ac_cv_env_CXXCPP_value=
ac_cv_env_CXXFLAGS_set=
ac_cv_env_CXXFLAGS_value=
ac_cv_env_CXX_set=
ac_cv_env_CXX_value=
ac_cv_env_DOXYGEN_PAPER_SIZE_set=
ac_cv_env_DOXYGEN_PAPER_SIZE_value=
ac_cv_env_LDFLAGS_set=
ac_cv_env_LDFLAGS_value=
ac_cv_env_LIBS_set=
ac_cv_env_LIBS_value=
ac_cv_env_LT_SYS_LIBRARY_PATH_set=
ac_cv_env_LT_SYS_LIBRARY_PATH_value=
ac_cv_env_build_alias_set=
ac_cv_env_build_alias_value=
ac_cv_env_host_alias_set=
ac_cv_env_host_alias_value=
ac_cv_env_target_alias_set=
ac_cv_env_target_alias_value=
ac_cv_file_generated_zookeeper_jute_c=yes
ac_cv_file_generated_zookeeper_jute_h=yes
ac_cv_func_getcwd=yes
ac_cv_func_gethostbyname=yes
ac_cv_func_gethostname=yes
ac_cv_func_getlogin=yes
ac_cv_func_getpwuid_r=yes
ac_cv_func_gettimeofday=yes
ac_cv_func_getuid=yes
ac_cv_func_memmove=yes
ac_cv_func_memset=yes
ac_cv_func_poll=yes
ac_cv_func_socket=yes
ac_cv_func_strchr=yes
ac_cv_func_strdup=yes
ac_cv_func_strerror=yes
ac_cv_func_strtol=yes
ac_cv_header_arpa_inet_h=yes
ac_cv_header_dlfcn_h=no
ac_cv_header_fcntl_h=yes
ac_cv_header_inttypes_h=no
ac_cv_header_memory_h=no
ac_cv_header_netdb_h=yes
ac_cv_header_netinet_in_h=yes
ac_cv_header_stdc=no
ac_cv_header_stdint_h=no
ac_cv_header_stdlib_h=no
ac_cv_header_string_h=no
ac_cv_header_strings_h=no
ac_cv_header_sys_socket_h=yes
ac_cv_header_sys_stat_h=no
ac_cv_header_sys_time_h=yes
ac_cv_header_sys_types_h=no
ac_cv_header_sys_utsname_h=yes
ac_cv_header_time=yes
ac_cv_header_unistd_h=no
ac_cv_host=x86_64-pc-linux-gnu
ac_cv_lib_pthread_pthread_mutex_lock=yes
ac_cv_path_EGREP='/usr/bin/grep -E'
ac_cv_path_FGREP='/usr/bin/grep -F'
ac_cv_path_GREP=/usr/bin/grep
ac_cv_path_SED=/usr/bin/sed
ac_cv_path_ac_pt_DX_DOXYGEN=/usr/bin/doxygen
ac_cv_path_ac_pt_DX_PERL=/usr/bin/perl
ac_cv_path_install='/usr/bin/install -c'
ac_cv_path_lt_DD=/usr/bin/dd
ac_cv_path_mkdir=/usr/bin/mkdir
ac_cv_prog_AWK=gawk
ac_cv_prog_CPP='gcc -E'
ac_cv_prog_CXXCPP='g++ -E'
ac_cv_prog_ac_ct_AR=ar
ac_cv_prog_ac_ct_CC=gcc
ac_cv_prog_ac_ct_CXX=g++
ac_cv_prog_ac_ct_MANIFEST_TOOL=mt
ac_cv_prog_ac_ct_OBJDUMP=objdump
ac_cv_prog_ac_ct_RANLIB=ranlib
ac_cv_prog_ac_ct_STRIP=strip
ac_cv_prog_cc_c89=no
ac_cv_prog_cc_g=no
ac_cv_prog_cxx_g=no
ac_cv_prog_make_make_set=yes
ac_cv_type_nfds_t=yes
am_cv_CC_dependencies_compiler_type=none
am_cv_CXX_dependencies_compiler_type=none
am_cv_make_support_nested_variables=yes
am_cv_prog_cc_c_o=yes
lt_cv_ar_at_file=no
lt_cv_deplibs_check_method=pass_all
lt_cv_file_magic_cmd='$MAGIC_CMD'
lt_cv_file_magic_test_file=
lt_cv_ld_reload_flag=-r
lt_cv_nm_interface='BSD nm'
lt_cv_objdir=.libs
lt_cv_path_LD=/bin/ld
lt_cv_path_LDCXX=
lt_cv_path_NM='/usr/bin/nm -B'
lt_cv_path_mainfest_tool=no
lt_cv_prog_compiler_c_o=yes
lt_cv_prog_compiler_c_o_CXX=yes
lt_cv_prog_compiler_pic=' -DPIC'
lt_cv_prog_compiler_pic_CXX=' -DPIC'
lt_cv_prog_compiler_pic_works=yes
lt_cv_prog_compiler_pic_works_CXX=yes
lt_cv_prog_compiler_static_works=yes
lt_cv_prog_compiler_static_works_CXX=yes
lt_cv_prog_gnu_ld=yes
lt_cv_prog_gnu_ldcxx=
lt_cv_sharedlib_from_linklib_cmd='printf %s\n'
lt_cv_shlibpath_overrides_runpath=no
lt_cv_sys_global_symbol_pipe=
lt_cv_sys_global_symbol_to_c_name_address='sed -n -e '\''s/^: \(.*\) .*$/  {"\1", (void *) 0},/p'\'' -e '\''s/^[ABCDGIRSTW][ABCDGIRSTW]* .* \(.*\)$/  {"\1", (void *) \&\1},/p'\'''
lt_cv_sys_global_symbol_to_c_name_address_lib_prefix='sed -n -e '\''s/^: \(.*\) .*$/  {"\1", (void *) 0},/p'\'' -e '\''s/^[ABCDGIRSTW][ABCDGIRSTW]* .* \(lib.*\)$/  {"\1", (void *) \&\1},/p'\'' -e '\''s/^[ABCDGIRSTW][ABCDGIRSTW]* .* \(.*\)$/  {"lib\1", (void *) \&\1},/p'\'''
lt_cv_sys_global_symbol_to_cdecl=
lt_cv_sys_global_symbol_to_import=
lt_cv_sys_max_cmd_len=1572864
lt_cv_to_host_file_cmd=func_convert_file_noop
lt_cv_to_tool_file_cmd=func_convert_file_noop
lt_cv_truncate_bin='/usr/bin/dd bs=4096 count=1'

## ----------------- ##
## Output variables. ##
## ----------------- ##

ACLOCAL='${SHELL} /home/wdidada/zookeeper/src/c/missing aclocal-1.16'
AMDEPBACKSLASH=''
AMDEP_FALSE=''
AMDEP_TRUE=''
AMTAR='$${TAR-tar}'
AM_BACKSLASH='\'
AM_DEFAULT_V='$(AM_DEFAULT_VERBOSITY)'
AM_DEFAULT_VERBOSITY='1'
AM_V='$(V)'
AR='ar'
AUTOCONF='${SHELL} /home/wdidada/zookeeper/src/c/missing autoconf'
AUTOHEADER='${SHELL} /home/wdidada/zookeeper/src/c/missing autoheader'
AUTOMAKE='${SHELL} /home/wdidada/zookeeper/src/c/missing automake-1.16'
AWK='gawk'
CC='gcc'
CCDEPMODE='depmode=none'
CFLAGS='-g -O2 -D_GNU_SOURCE'
CPP='gcc -E'
CPPFLAGS=''
CPPUNIT_CFLAGS=' -DZKSERVER_CMD="\"./tests/zkServer.sh\""'
CPPUNIT_CPPFLAGS=''
CPPUNIT_LIBS=''
CXX='g++'
CXXCPP='g++ -E'
CXXDEPMODE='depmode=none'
CXXFLAGS='-g -O2'
CYGPATH_W='echo'
DEFS='-DHAVE_CONFIG_H'
DEPDIR=''
DLLTOOL='false'
DOXYGEN_PAPER_SIZE=''
DSYMUTIL=''
DUMPBIN=''
DX_COND_chi_FALSE=''
DX_COND_chi_TRUE='#'
DX_COND_chm_FALSE=''
DX_COND_chm_TRUE='#'
DX_COND_doc_FALSE='#'
DX_COND_doc_TRUE=''
DX_COND_dot_FALSE='#'
DX_COND_dot_TRUE=''
DX_COND_html_FALSE='#'
DX_COND_html_TRUE=''
DX_COND_latex_FALSE=''
DX_COND_latex_TRUE='#'
DX_COND_man_FALSE=''
DX_COND_man_TRUE='#'
DX_COND_pdf_FALSE=''
DX_COND_pdf_TRUE='#'
DX_COND_ps_FALSE=''
DX_COND_ps_TRUE='#'
DX_COND_rtf_FALSE=''
DX_COND_rtf_TRUE='#'
DX_COND_xml_FALSE=''
DX_COND_xml_TRUE='#'
DX_CONFIG='c-doc.Doxyfile'
DX_DOCDIR='docs'
DX_DOT=''
DX_DOXYGEN='/usr/bin/doxygen'
DX_DVIPS=''
DX_EGREP=''
DX_ENV=' SRCDIR='\''.'\'' PROJECT='\''zookeeper'\'' DOCDIR='\''docs'\'' VERSION='\''3.4.2'\'' PERL_PATH='\''/usr/bin/perl'\'' HAVE_DOT='\''YES'\'' DOT_PATH='\''.'\'' GENERATE_MAN='\''NO'\'' GENERATE_RTF='\''NO'\'' GENERATE_XML='\''NO'\'' GENERATE_HTMLHELP='\''NO'\'' GENERATE_CHI='\''NO'\'' GENERATE_HTML='\''YES'\'' GENERATE_LATEX='\''NO'\'''
DX_FLAG_chi='0'
DX_FLAG_chm='0'
DX_FLAG_doc='1'
DX_FLAG_dot='1'
DX_FLAG_html='1'
DX_FLAG_man='0'
DX_FLAG_pdf='0'
DX_FLAG_ps='0'
DX_FLAG_rtf='0'
DX_FLAG_xml='0'
DX_HHC=''
DX_LATEX=''
DX_MAKEINDEX=''
DX_PDFLATEX=''
DX_PERL='/usr/bin/perl'
DX_PROJECT='zookeeper'
ECHO_C=''
ECHO_N='-n'
ECHO_T=''
EGREP='/usr/bin/grep -E'
EXEEXT=''
FGREP='/usr/bin/grep -F'
GREP='/usr/bin/grep'
HAVE_CPPUNIT=''
INSTALL_DATA='${INSTALL} -m 644'
INSTALL_PROGRAM='${INSTALL}'
INSTALL_SCRIPT='${INSTALL}'
INSTALL_STRIP_PROGRAM='$(install_sh) -c -s'
LD='/bin/ld -m elf_x86_64'
LDFLAGS=''
LIBOBJS=''
LIBS=''
LIBTOOL='$(SHELL) $(top_builddir)/libtool'
LIPO=''
LN_S='ln -s'
LTLIBOBJS=''
LT_SYS_LIBRARY_PATH=''
MAKEINFO='${SHELL} /home/wdidada/zookeeper/src/c/missing makeinfo'
MANIFEST_TOOL=':'
MKDIR_P='/usr/bin/mkdir -p'
NM='/usr/bin/nm -B'
NMEDIT=''
OBJDUMP='objdump'
OBJEXT=''
OTOOL64=''
OTOOL=''
PACKAGE='zookeeper'
PACKAGE_BUGREPORT='zookeeper-user@hadoop.apache.org'
PACKAGE_NAME='zookeeper C client'
PACKAGE_STRING='zookeeper C client 3.4.2'
PACKAGE_TARNAME='zookeeper'
PACKAGE_URL=''
PACKAGE_VERSION='3.4.2'
PATH_SEPARATOR=':'
RANLIB='ranlib'
SED='/usr/bin/sed'
SET_MAKE=''
SHELL='/bin/bash'
STRIP='strip'
USEIPV6='-DZOO_IPV6_ENABLED'
VERSION='3.4.2'
WANT_SYNCAPI_FALSE='#'
WANT_SYNCAPI_TRUE=''
ac_ct_AR='ar'
ac_ct_CC='gcc'
ac_ct_CXX='g++'
ac_ct_DUMPBIN=''
am__EXEEXT_FALSE=''
am__EXEEXT_TRUE='#'
am__fastdepCC_FALSE=''
am__fastdepCC_TRUE='#'
am__fastdepCXX_FALSE=''
am__fastdepCXX_TRUE='#'
am__include=''
am__isrc=''
am__leading_dot='.'
am__nodep=''
am__quote=''
am__tar='$${TAR-tar} chof - "$$tardir"'
am__untar='$${TAR-tar} xf -'
bindir='${exec_prefix}/bin'
build='x86_64-pc-linux-gnu'
build_alias=''
build_cpu='x86_64'
build_os='linux-gnu'
build_vendor='pc'
datadir='${datarootdir}'
datarootdir='${prefix}/share'
docdir='${datarootdir}/doc/${PACKAGE_TARNAME}'
dvidir='${docdir}'
exec_prefix='${prefix}'
host='x86_64-pc-linux-gnu'
host_alias=''
host_cpu='x86_64'
host_os='linux-gnu'
host_vendor='pc'
htmldir='${docdir}'
includedir='${prefix}/include'
infodir='${datarootdir}/info'
install_sh='${SHELL} /home/wdidada/zookeeper/src/c/install-sh'
libdir='${exec_prefix}/lib'
libexecdir='${exec_prefix}/libexec'
localedir='${datarootdir}/locale'
localstatedir='${prefix}/var'
mandir='${datarootdir}/man'
mkdir_p='$(MKDIR_P)'
oldincludedir='/usr/include'
pdfdir='${docdir}'
prefix='/usr/local'
program_transform_name='s,x,x,'
psdir='${docdir}'
runstatedir='${localstatedir}/run'
sbindir='${exec_prefix}/sbin'
sharedstatedir='${prefix}/com'
sysconfdir='${prefix}/etc'
target_alias=''

## ----------- ##
## confdefs.h. ##
## ----------- ##

/* confdefs.h */
#define PACKAGE_NAME "zookeeper C client"
#define PACKAGE_TARNAME "zookeeper"
#define PACKAGE_VERSION "3.4.2"
#define PACKAGE_STRING "zookeeper C client 3.4.2"
#define PACKAGE_BUGREPORT "zookeeper-user@hadoop.apache.org"
#define PACKAGE_URL ""
#define PACKAGE "zookeeper"
#define VERSION "3.4.2"
#define HAVE_GENERATED_ZOOKEEPER_JUTE_C 1
#define HAVE_GENERATED_ZOOKEEPER_JUTE_H 1
#define LT_OBJDIR ".libs/"
#define HAVE_ARPA_INET_H 1
#define HAVE_FCNTL_H 1
#define HAVE_NETDB_H 1
#define HAVE_NETINET_IN_H 1
#define HAVE_SYS_SOCKET_H 1
#define HAVE_SYS_TIME_H 1
#define HAVE_SYS_UTSNAME_H 1
#define TIME_WITH_SYS_TIME 1
#define POLL_NFDS_TYPE nfds_t
#define HAVE_GETCWD 1
#define HAVE_GETHOSTBYNAME 1
#define HAVE_GETHOSTNAME 1
#define HAVE_GETLOGIN 1
#define HAVE_GETPWUID_R 1
#define HAVE_GETTIMEOFDAY 1
#define HAVE_GETUID 1
#define HAVE_MEMMOVE 1
#define HAVE_MEMSET 1
#define HAVE_POLL 1
#define HAVE_SOCKET 1
#define HAVE_STRCHR 1
#define HAVE_STRDUP 1
#define HAVE_STRERROR 1
#define HAVE_STRTOL 1

configure: exit 1
